<?xml version="1.0" encoding="UTF-8"?>
<!-- Generated by org.testng.reporters.JUnitReportReporter -->
<testsuite skipped="17" hostname="DGT-SYS-013" name="com.yosi.testscript.Desktop_Appoinment_Type1" tests="18" failures="0" timestamp="25 Oct 2018 07:02:33 GMT" time="12.086" errors="1">
  <testcase name="start_paperwork" time="0.000" classname="com.yosi.testscript.Desktop_Appoinment_Type1">
    <skipped/>
  </testcase> <!-- start_paperwork -->
  <testcase name="beforeClass" time="12.086" classname="com.yosi.testscript.Desktop_Appoinment_Type1">
    <error type="org.openqa.selenium.WebDriverException" message="unknown error: cannot determine loading status
from disconnected: received Inspector.detached event
  (Session info: chrome=69.0.3497.100)
  (Driver info: chromedriver=2.41.578737 (49da6702b16031c40d63e5618de03a32ff6c197e),platform=Windows NT 10.0.17134 x86_64) (WARNING: The server did not provide any stacktrace information)
Command duration or timeout: 0 milliseconds
Build info: version: &#039;3.14.0&#039;, revision: &#039;aacccce0&#039;, time: &#039;2018-08-02T20:19:58.91Z&#039;
System info: host: &#039;DGT-SYS-013&#039;, ip: &#039;172.10.253.74&#039;, os.name: &#039;Windows 10&#039;, os.arch: &#039;amd64&#039;, os.version: &#039;10.0&#039;, java.version: &#039;1.8.0_151&#039;
Driver info: org.openqa.selenium.chrome.ChromeDriver
Capabilities {acceptInsecureCerts: false, acceptSslCerts: false, applicationCacheEnabled: false, browserConnectionEnabled: false, browserName: chrome, chrome: {chromedriverVersion: 2.41.578737 (49da6702b16031..., userDataDir: C:\Users\Dreams\AppData\Loc...}, cssSelectorsEnabled: true, databaseEnabled: false, goog:chromeOptions: {debuggerAddress: localhost:64528}, handlesAlerts: true, hasTouchScreen: false, javascriptEnabled: true, locationContextEnabled: true, mobileEmulationEnabled: false, nativeEvents: true, networkConnectionEnabled: false, pageLoadStrategy: normal, platform: XP, platformName: XP, rotatable: false, setWindowRect: true, takesHeapSnapshot: true, takesScreenshot: true, unexpectedAlertBehaviour: , unhandledPromptBehavior: , version: 69.0.3497.100, webStorageEnabled: true}
Session ID: 57ca1c4da839aa202f45eccbb42b0b3d">
      <![CDATA[org.openqa.selenium.WebDriverException: unknown error: cannot determine loading statusfrom disconnected: received Inspector.detached event  (Session info: chrome=69.0.3497.100)  (Driver info: chromedriver=2.41.578737 (49da6702b16031c40d63e5618de03a32ff6c197e),platform=Windows NT 10.0.17134 x86_64) (WARNING: The server did not provide any stacktrace information)Command duration or timeout: 0 millisecondsBuild info: version: '3.14.0', revision: 'aacccce0', time: '2018-08-02T20:19:58.91Z'System info: host: 'DGT-SYS-013', ip: '172.10.253.74', os.name: 'Windows 10', os.arch: 'amd64', os.version: '10.0', java.version: '1.8.0_151'Driver info: org.openqa.selenium.chrome.ChromeDriverCapabilities {acceptInsecureCerts: false, acceptSslCerts: false, applicationCacheEnabled: false, browserConnectionEnabled: false, browserName: chrome, chrome: {chromedriverVersion: 2.41.578737 (49da6702b16031..., userDataDir: C:\Users\Dreams\AppData\Loc...}, cssSelectorsEnabled: true, databaseEnabled: false, goog:chromeOptions: {debuggerAddress: localhost:64528}, handlesAlerts: true, hasTouchScreen: false, javascriptEnabled: true, locationContextEnabled: true, mobileEmulationEnabled: false, nativeEvents: true, networkConnectionEnabled: false, pageLoadStrategy: normal, platform: XP, platformName: XP, rotatable: false, setWindowRect: true, takesHeapSnapshot: true, takesScreenshot: true, unexpectedAlertBehaviour: , unhandledPromptBehavior: , version: 69.0.3497.100, webStorageEnabled: true}Session ID: 57ca1c4da839aa202f45eccbb42b0b3dat sun.reflect.NativeConstructorAccessorImpl.newInstance0(Native Method)at sun.reflect.NativeConstructorAccessorImpl.newInstance(Unknown Source)at sun.reflect.DelegatingConstructorAccessorImpl.newInstance(Unknown Source)at java.lang.reflect.Constructor.newInstance(Unknown Source)at org.openqa.selenium.remote.ErrorHandler.createThrowable(ErrorHandler.java:214)at org.openqa.selenium.remote.ErrorHandler.throwIfResponseFailed(ErrorHandler.java:166)at org.openqa.selenium.remote.http.JsonHttpResponseCodec.reconstructValue(JsonHttpResponseCodec.java:40)at org.openqa.selenium.remote.http.AbstractHttpResponseCodec.decode(AbstractHttpResponseCodec.java:80)at org.openqa.selenium.remote.http.AbstractHttpResponseCodec.decode(AbstractHttpResponseCodec.java:44)at org.openqa.selenium.remote.HttpCommandExecutor.execute(HttpCommandExecutor.java:158)at org.openqa.selenium.remote.service.DriverCommandExecutor.execute(DriverCommandExecutor.java:83)at org.openqa.selenium.remote.RemoteWebDriver.execute(RemoteWebDriver.java:548)at org.openqa.selenium.remote.RemoteWebDriver.get(RemoteWebDriver.java:276)at com.yosi.testscript.Desktop_Appoinment_Type1.beforeClass(Desktop_Appoinment_Type1.java:69)at sun.reflect.NativeMethodAccessorImpl.invoke0(Native Method)at sun.reflect.NativeMethodAccessorImpl.invoke(Unknown Source)at sun.reflect.DelegatingMethodAccessorImpl.invoke(Unknown Source)at java.lang.reflect.Method.invoke(Unknown Source)at org.testng.internal.MethodInvocationHelper.invokeMethod(MethodInvocationHelper.java:124)at org.testng.internal.MethodInvocationHelper.invokeMethodConsideringTimeout(MethodInvocationHelper.java:59)at org.testng.internal.Invoker.invokeConfigurationMethod(Invoker.java:451)at org.testng.internal.Invoker.invokeConfigurations(Invoker.java:222)at org.testng.internal.Invoker.invokeConfigurations(Invoker.java:142)at org.testng.internal.TestMethodWorker.invokeBeforeClassMethods(TestMethodWorker.java:163)at org.testng.internal.TestMethodWorker.run(TestMethodWorker.java:105)at org.testng.TestRunner.privateRun(TestRunner.java:648)at org.testng.TestRunner.run(TestRunner.java:505)at org.testng.SuiteRunner.runTest(SuiteRunner.java:455)at org.testng.SuiteRunner.runSequentially(SuiteRunner.java:450)at org.testng.SuiteRunner.privateRun(SuiteRunner.java:415)at org.testng.SuiteRunner.run(SuiteRunner.java:364)at org.testng.SuiteRunnerWorker.runSuite(SuiteRunnerWorker.java:52)at org.testng.SuiteRunnerWorker.run(SuiteRunnerWorker.java:84)at org.testng.TestNG.runSuitesSequentially(TestNG.java:1187)at org.testng.TestNG.runSuitesLocally(TestNG.java:1116)at org.testng.TestNG.runSuites(TestNG.java:1028)at org.testng.TestNG.run(TestNG.java:996)at org.testng.remote.AbstractRemoteTestNG.run(AbstractRemoteTestNG.java:114)at org.testng.remote.RemoteTestNG.initAndRun(RemoteTestNG.java:251)at org.testng.remote.RemoteTestNG.main(RemoteTestNG.java:77)]]>
    </error>
  </testcase> <!-- beforeClass -->
  <testcase name="select_doctor" time="0.000" classname="com.yosi.testscript.Desktop_Appoinment_Type1">
    <skipped/>
  </testcase> <!-- select_doctor -->
  <testcase name="verify_page" time="0.000" classname="com.yosi.testscript.Desktop_Appoinment_Type1">
    <skipped/>
  </testcase> <!-- verify_page -->
  <testcase name="patient_info" time="0.000" classname="com.yosi.testscript.Desktop_Appoinment_Type1">
    <skipped/>
  </testcase> <!-- patient_info -->
  <testcase name="patient_guarantor" time="0.000" classname="com.yosi.testscript.Desktop_Appoinment_Type1">
    <skipped/>
  </testcase> <!-- patient_guarantor -->
  <testcase name="insurance_info" time="0.000" classname="com.yosi.testscript.Desktop_Appoinment_Type1">
    <skipped/>
  </testcase> <!-- insurance_info -->
  <testcase name="patient_lifestyle" time="0.000" classname="com.yosi.testscript.Desktop_Appoinment_Type1">
    <skipped/>
  </testcase> <!-- patient_lifestyle -->
  <testcase name="patient_past_medical" time="0.000" classname="com.yosi.testscript.Desktop_Appoinment_Type1">
    <skipped/>
  </testcase> <!-- patient_past_medical -->
  <testcase name="patient_rx_info" time="0.000" classname="com.yosi.testscript.Desktop_Appoinment_Type1">
    <skipped/>
  </testcase> <!-- patient_rx_info -->
  <testcase name="addition_page" time="0.000" classname="com.yosi.testscript.Desktop_Appoinment_Type1">
    <skipped/>
  </testcase> <!-- addition_page -->
  <testcase name="medical_history_page" time="0.000" classname="com.yosi.testscript.Desktop_Appoinment_Type1">
    <skipped/>
  </testcase> <!-- medical_history_page -->
  <testcase name="phq_page" time="0.000" classname="com.yosi.testscript.Desktop_Appoinment_Type1">
    <skipped/>
  </testcase> <!-- phq_page -->
  <testcase name="gad_page" time="0.000" classname="com.yosi.testscript.Desktop_Appoinment_Type1">
    <skipped/>
  </testcase> <!-- gad_page -->
  <testcase name="encounter_page" time="0.000" classname="com.yosi.testscript.Desktop_Appoinment_Type1">
    <skipped/>
  </testcase> <!-- encounter_page -->
  <testcase name="policy1_page" time="0.000" classname="com.yosi.testscript.Desktop_Appoinment_Type1">
    <skipped/>
  </testcase> <!-- policy1_page -->
  <testcase name="policy2_page" time="0.000" classname="com.yosi.testscript.Desktop_Appoinment_Type1">
    <skipped/>
  </testcase> <!-- policy2_page -->
  <testcase name="signature_page" time="0.000" classname="com.yosi.testscript.Desktop_Appoinment_Type1">
    <skipped/>
  </testcase> <!-- signature_page -->
</testsuite> <!-- com.yosi.testscript.Desktop_Appoinment_Type1 -->
